1534387195392	geckodriver	INFO	geckodriver 0.21.0
1534387195408	geckodriver	INFO	Listening on 127.0.0.1:50891
1534387198518	mozrunner::runner	INFO	Running command: "C:\\Program Files\\Mozilla Firefox\\firefox.exe" "-marionette" "-foreground" "-no-remote" "-profile" "C:\\Users\\lpeau\\AppData\\Local\\Temp\\rust_mozprofile.KniyRpaBaFgY"
1534387787653	geckodriver	INFO	geckodriver 0.21.0
1534387787669	geckodriver	INFO	Listening on 127.0.0.1:51058
1534387790750	mozrunner::runner	INFO	Running command: "C:\\Program Files\\Mozilla Firefox\\firefox.exe" "-marionette" "-foreground" "-no-remote" "-profile" "C:\\Users\\lpeau\\AppData\\Local\\Temp\\rust_mozprofile.vT5vFawsk4sW"
Unable to read VR Path Registry from C:\Users\lpeau\AppData\Local\openvr\openvrpaths.vrpath
Unable to read VR Path Registry from C:\Users\lpeau\AppData\Local\openvr\openvrpaths.vrpath
Unable to read VR Path Registry from C:\Users\lpeau\AppData\Local\openvr\openvrpaths.vrpath
Unable to read VR Path Registry from C:\Users\lpeau\AppData\Local\openvr\openvrpaths.vrpath
Unable to read VR Path Registry from C:\Users\lpeau\AppData\Local\openvr\openvrpaths.vrpath
1534387794668	Marionette	INFO	Listening on port 51066
1534387795161	Marionette	WARN	TLS certificate errors will be ignored for this session
[Child 9440, Chrome_ChildThread] WARNING: pipe error: 109: file z:/build/build/src/ipc/chromium/src/chrome/common/ipc_channel_win.cc, line 346
[Child 9440, Chrome_Child[Child 7792, Chrome_ChildThread] WARNING: pipe error: 109: file z:/build/build/src/ipc/chromium/src/chrome/common/ipc_channel_win.cc, line 346
[Child 7792,[Parent 8696, Gecko_IOThread] WARNING: pipe error: 109: file z:/build/build/src/ipc/chromium/src/chrome/common/ipc_channel_win.cc, line 346
[Child 10728, Chrome_ChildThread] WARNING: pipe error: 109: file z:/build/build/src/ipc/chromium/src/chrome/common/ipc_channel_win.cc, line 346
[Chi*** UTM:SVC TimerManager:registerTimer called after profile-before-change notification. Ignoring timer registration for id: telemetry_modules_ping
[GPU 12612, Chrome_ChildT
###!!! [Child][MessageChannel::SendAndWait] Error: Channel error: cannot send/recv

1534387810806	geckodriver	INFO	geckodriver 0.21.0
1534387810806	geckodriver	INFO	Listening on 127.0.0.1:51091
1534387813875	mozrunner::runner	INFO	Running command: "C:\\Program Files\\Mozilla Firefox\\firefox.exe" "-marionette" "-foreground" "-no-remote" "-profile" "C:\\Users\\lpeau\\AppData\\Local\\Temp\\rust_mozprofile.8Y8dl79mRwzg"
Unable to read VR Path Registry from C:\Users\lpeau\AppData\Local\openvr\openvrpaths.vrpath
Unable to read VR Path Registry from C:\Users\lpeau\AppData\Local\openvr\openvrpaths.vrpath
Unable to read VR Path Registry from C:\Users\lpeau\AppData\Local\openvr\openvrpaths.vrpath
Unable to read VR Path Registry from C:\Users\lpeau\AppData\Local\openvr\openvrpaths.vrpath
Unable to read VR Path Registry from C:\Users\lpeau\AppData\Local\openvr\openvrpaths.vrpath
1534387817064	Marionette	INFO	Listening on port 51101
1534387817203	Marionette	WARN	TLS certificate errors will be ignored for this session
1534387821162	addons.xpi	WARN	Exception running bootstrap method shutdown on activity-stream@mozilla.org: [Exception... "Component returned failure code: 0x80004005 (NS_ERROR_FAILURE) [nsIObserverService.removeObserver]"  nsresult: "0x80004005 (NS_ERROR_FAILURE)"  location: "JS frame :: resource://activity-stream/lib/TelemetryFeed.jsm :: uninit :: line 493"  data: no] Stack trace: uninit()@resource://activity-stream/lib/TelemetryFeed.jsm:493
onAction()@resource://activity-stream/lib/TelemetryFeed.jsm:451
_middleware/</<()@resource://activity-stream/lib/Store.jsm:51
Store/this[method]()@resource://activity-stream/lib/Store.jsm:29
uninit()@resource://activity-stream/lib/Store.jsm:170
uninit()@resource://activity-stream/lib/ActivityStream.jsm:318
uninit()@resource://gre/modules/addons/XPIProvider.jsm -> jar:file:///C:/Program%20Files/Mozilla%20Firefox/browser/features/activity-stream@mozilla.org.xpi!/bootstrap.js:79
shutdown()@resource://gre/modules/addons/XPIProvider.jsm -> jar:file:///C:/Program%20Files/Mozilla%20Firefox/browser/features/activity-stream@mozilla.org.xpi!/bootstrap.js:187
callBootstrapMethod()@resource://gre/modules/addons/XPIProvider.jsm:2757
observe()@resource://gre/modules/addons/XPIProvider.jsm:1672
[Child 12876, Chrome_ChildThread] WARNING: pipe error: 109: file z:/build/build/src/ipc/chromium/src/chrome/common/ipc_channel_win.cc, line 346
[Child 12876, Chrome_ChildThread] WARNIN[Parent 6264, Gecko_IOThread] WARNING: pipe error: 109: file z:/build/build/src/ipc/chromium/src/chrome/common/ipc_channel_win.cc, line 346
*** UTM:SVC TimerManager:registerTimer called after profile-before-change notification. Ignoring timer registration for id: telemetry_modules_ping
[GPU 5776
###!!! [Child][MessageChannel::SendAndWait] Error: Channel error: cannot send/recv

1534389782553	geckodriver	INFO	geckodriver 0.21.0
1534389782569	geckodriver	INFO	Listening on 127.0.0.1:51817
1534389785636	mozrunner::runner	INFO	Running command: "C:\\Program Files\\Mozilla Firefox\\firefox.exe" "-marionette" "-foreground" "-no-remote" "-profile" "C:\\Users\\lpeau\\AppData\\Local\\Temp\\rust_mozprofile.PKTUTw9t97FM"
Unable to read VR Path Registry from C:\Users\lpeau\AppData\Local\openvr\openvrpaths.vrpath
Unable to read VR Path Registry from C:\Users\lpeau\AppData\Local\openvr\openvrpaths.vrpath
Unable to read VR Path Registry from C:\Users\lpeau\AppData\Local\openvr\openvrpaths.vrpath
Unable to read VR Path Registry from C:\Users\lpeau\AppData\Local\openvr\openvrpaths.vrpath
Unable to read VR Path Registry from C:\Users\lpeau\AppData\Local\openvr\openvrpaths.vrpath
1534389788723	Marionette	INFO	Listening on port 51825
1534389788975	Marionette	WARN	TLS certificate errors will be ignored for this session
JavaScript error: http://inventwithpython.com/js/bootstrap.min.js, line 7: Error: Bootstrap tooltips require Tether (http://tether.io/)
[Parent 12716, Gecko_IOThread] WARNING: pipe error: 109: file z:/build/build/src/ipc/chromium/src/chrome/common/ipc_channel_win.cc, line 346
[Child 13236, Chrome_ChildThread] WARNING: pipe error: 109: file z:/build/build/src/ipc/chromium/src/chrome/common/ipc_channel_win.cc, line 346
[Child 13236, Chr[Parent 12716, Gecko_IOThread] WARNING: pipe error: 109: file z:/build/build/src/ipc/chromium/src/chrome/common/ipc_channel_win.cc, line 346
*** UTM:SVC TimerManager:registerTimer called after profile-before-change notification. Ignoring timer registration for id: telemetry_modules_ping
[GPU 5456, Chrome_Chil
###!!! [Child][MessageChannel::SendAndWait] Error: Channel error: cannot send/recv

1534390133783	geckodriver	INFO	geckodriver 0.21.0
1534390133799	geckodriver	INFO	Listening on 127.0.0.1:52014
1534390136837	mozrunner::runner	INFO	Running command: "C:\\Program Files\\Mozilla Firefox\\firefox.exe" "-marionette" "-foreground" "-no-remote" "-profile" "C:\\Users\\lpeau\\AppData\\Local\\Temp\\rust_mozprofile.XfFTW6vXzq43"
Unable to read VR Path Registry from C:\Users\lpeau\AppData\Local\openvr\openvrpaths.vrpath
Unable to read VR Path Registry from C:\Users\lpeau\AppData\Local\openvr\openvrpaths.vrpath
Unable to read VR Path Registry from C:\Users\lpeau\AppData\Local\openvr\openvrpaths.vrpath
Unable to read VR Path Registry from C:\Users\lpeau\AppData\Local\openvr\openvrpaths.vrpath
Unable to read VR Path Registry from C:\Users\lpeau\AppData\Local\openvr\openvrpaths.vrpath
1534390141197	Marionette	INFO	Listening on port 52022
1534390141268	Marionette	WARN	TLS certificate errors will be ignored for this session
JavaScript error: http://inventwithpython.com/js/bootstrap.min.js, line 7: Error: Bootstrap tooltips require Tether (http://tether.io/)
1534390146245	addons.xpi	WARN	Exception running bootstrap method shutdown on activity-stream@mozilla.org: [Exception... "Component returned failure code: 0x80004005 (NS_ERROR_FAILURE) [nsIObserverService.removeObserver]"  nsresult: "0x80004005 (NS_ERROR_FAILURE)"  location: "JS frame :: resource://activity-stream/lib/TelemetryFeed.jsm :: uninit :: line 493"  data: no] Stack trace: uninit()@resource://activity-stream/lib/TelemetryFeed.jsm:493
onAction()@resource://activity-stream/lib/TelemetryFeed.jsm:451
_middleware/</<()@resource://activity-stream/lib/Store.jsm:51
Store/this[method]()@resource://activity-stream/lib/Store.jsm:29
uninit()@resource://activity-stream/lib/Store.jsm:170
uninit()@resource://activity-stream/lib/ActivityStream.jsm:318
uninit()@resource://gre/modules/addons/XPIProvider.jsm -> jar:file:///C:/Program%20Files/Mozilla%20Firefox/browser/features/activity-stream@mozilla.org.xpi!/bootstrap.js:79
shutdown()@resource://gre/modules/addons/XPIProvider.jsm -> jar:file:///C:/Program%20Files/Mozilla%20Firefox/browser/features/activity-stream@mozilla.org.xpi!/bootstrap.js:187
callBootstrapMethod()@resource://gre/modules/addons/XPIProvider.jsm:2757
observe()@resource://gre/modules/addons/XPIProvider.jsm:1672
[Parent 11544, Gecko_IOThread] WARNING: pipe error: 109: file z:/build/build/src/ipc/chromium/src/chrome/common/ipc_channel_win.cc, line 346
[Parent 11544, Gecko_IOThread] WARNING: pipe error: 109: file z:/build/build/src/ipc/chromium/src/chrome/common/ipc_channel_win.cc, line 346
[Parent 11544, Gecko_IOThread] WARNING: pipe error: 109: file z:/build/build/src/ipc/chromium/src/chrome/common/ipc_channel_win.cc, line 346
[Child 11296, Chrome_ChildThread] WARNING: pipe error: 109: file z:/build/build/src/ipc/chromium/src/chrome/common/ipc_channel_win.cc, line 346
[Child 11296, C*** UTM:SVC TimerManager:registerTimer called after profile-before-change notification. Ignoring timer registration for id: telemetry_modules_ping
[GPU 50
###!!! [Child][MessageChannel::SendAndWait] Error: Channel error: cannot send/recv

1534402519344	geckodriver	INFO	geckodriver 0.21.0
1534402519360	geckodriver	INFO	Listening on 127.0.0.1:52652
1534402522428	mozrunner::runner	INFO	Running command: "C:\\Program Files\\Mozilla Firefox\\firefox.exe" "-marionette" "-foreground" "-no-remote" "-profile" "C:\\Users\\lpeau\\AppData\\Local\\Temp\\rust_mozprofile.Ll8EhPYB5m2f"
Unable to read VR Path Registry from C:\Users\lpeau\AppData\Local\openvr\openvrpaths.vrpath
Unable to read VR Path Registry from C:\Users\lpeau\AppData\Local\openvr\openvrpaths.vrpath
Unable to read VR Path Registry from C:\Users\lpeau\AppData\Local\openvr\openvrpaths.vrpath
Unable to read VR Path Registry from C:\Users\lpeau\AppData\Local\openvr\openvrpaths.vrpath
Unable to read VR Path Registry from C:\Users\lpeau\AppData\Local\openvr\openvrpaths.vrpath
1534402525715	Marionette	INFO	Listening on port 52664
1534402525810	Marionette	WARN	TLS certificate errors will be ignored for this session
JavaScript error: http://inventwithpython.com/js/bootstrap.min.js, line 7: Error: Bootstrap tooltips require Tether (http://tether.io/)
[Child 13356, Chrome_ChildThread] WARNING: pipe error: 109: file z:/build/build/src/ipc/chromium/src/chrome/common/ipc_channel_win.cc, line 346
[Child 13356, Chr[Parent 13744, Gecko_IOThread] WARNING: pipe error: 109: file z:/build/build/src/ipc/chromium/src/chrome/common/ipc_channel_win.cc, line 346
[GPU 13360, Chrome_ChildThread] WARNIN
###!!! [Child][MessageChannel::SendAndWait] Error: Channel error: cannot send/recv

1534406695487	geckodriver	INFO	geckodriver 0.21.0
1534406695487	geckodriver	INFO	Listening on 127.0.0.1:62887
1534406698556	mozrunner::runner	INFO	Running command: "C:\\Program Files\\Mozilla Firefox\\firefox.exe" "-marionette" "-foreground" "-no-remote" "-profile" "C:\\Users\\lpeau\\AppData\\Local\\Temp\\rust_mozprofile.QiMUrSiYr2QD"
Unable to read VR Path Registry from C:\Users\lpeau\AppData\Local\openvr\openvrpaths.vrpath
Unable to read VR Path Registry from C:\Users\lpeau\AppData\Local\openvr\openvrpaths.vrpath
Unable to read VR Path Registry from C:\Users\lpeau\AppData\Local\openvr\openvrpaths.vrpath
Unable to read VR Path Registry from C:\Users\lpeau\AppData\Local\openvr\openvrpaths.vrpath
Unable to read VR Path Registry from C:\Users\lpeau\AppData\Local\openvr\openvrpaths.vrpath
1534406701845	Marionette	INFO	Listening on port 62905
1534406702317	Marionette	WARN	TLS certificate errors will be ignored for this session
JavaScript error: http://inventwithpython.com/js/bootstrap.min.js, line 7: Error: Bootstrap tooltips require Tether (http://tether.io/)
[Parent 6428, Gecko_IOThread] WARNING: pipe error: 109: file z:/build/build/src/ipc/chromium/src/chrome/common/ipc_channel_win.cc, line 346
[Parent 6428, Gecko_IOThread] WARNING: pipe error: 109: file z:/build/build/src/ipc/chromium/src/chrome/common/ipc_channel_win.cc, line 346
[Child 11576, Chrome_ChildThread] WARNING: pipe error: 109: file z:/build/build/src/ipc/chromium/src/chrome/common/ipc_channel_win.cc, line 346
[Child 11576, Ch[rome_ChildThread] WARNING: pChild 4604, Chrome_ChildThread] WARNING: pipe error: 109: file z:/build/build/src/ipc/chromium/src/chrome/common/ipc_channel_win.cc, line 346
[Child 4604, Ch[Parent 6428, Gecko_IOThread] WARNING: pipe error: 109: file z:/build/build/src/ipc/chromium/src/chrome/common/ipc_channel_win.cc, line 346

###!!! [Child][MessageChannel::SendAndWait] Error: Channel error: cannot send/recv

